  Keyauth-Loader.cpp
C:\Users\mario\Desktop\Keyauth-Loader\Keyauth-Loader\Keyauth-Loader.cpp(53,12): warning C4129: "W": nicht erkannte Folge von Escapesequenz
C:\Users\mario\Desktop\Keyauth-Loader\Keyauth-Loader\Keyauth-Loader.cpp(53,12): warning C4129: "I": nicht erkannte Folge von Escapesequenz
C:\Users\mario\Desktop\Keyauth-Loader\Keyauth-Loader\Keyauth-Loader.cpp(53,12): warning C4129: "y": nicht erkannte Folge von Escapesequenz
C:\Users\mario\Desktop\Keyauth-Loader\Keyauth-Loader\Keyauth-Loader.cpp(55,12): warning C4129: "W": nicht erkannte Folge von Escapesequenz
C:\Users\mario\Desktop\Keyauth-Loader\Keyauth-Loader\Keyauth-Loader.cpp(55,12): warning C4129: "I": nicht erkannte Folge von Escapesequenz
C:\Users\mario\Desktop\Keyauth-Loader\Keyauth-Loader\Keyauth-Loader.cpp(55,12): warning C4129: "y": nicht erkannte Folge von Escapesequenz
C:\Users\mario\Desktop\Keyauth-Loader\Keyauth-Loader\Keyauth-Loader.cpp(57,12): warning C4129: "W": nicht erkannte Folge von Escapesequenz
C:\Users\mario\Desktop\Keyauth-Loader\Keyauth-Loader\Keyauth-Loader.cpp(57,12): warning C4129: "I": nicht erkannte Folge von Escapesequenz
C:\Users\mario\Desktop\Keyauth-Loader\Keyauth-Loader\Keyauth-Loader.cpp(57,12): warning C4129: "y": nicht erkannte Folge von Escapesequenz
C:\Users\mario\Desktop\Keyauth-Loader\Keyauth-Loader\Keyauth-Loader.cpp(72,12): warning C4129: "W": nicht erkannte Folge von Escapesequenz
C:\Users\mario\Desktop\Keyauth-Loader\Keyauth-Loader\Keyauth-Loader.cpp(72,12): warning C4129: "I": nicht erkannte Folge von Escapesequenz
C:\Users\mario\Desktop\Keyauth-Loader\Keyauth-Loader\Keyauth-Loader.cpp(72,12): warning C4129: "y": nicht erkannte Folge von Escapesequenz
C:\Users\mario\Desktop\Keyauth-Loader\Keyauth-Loader\Keyauth-Loader.cpp(74,12): warning C4129: "W": nicht erkannte Folge von Escapesequenz
C:\Users\mario\Desktop\Keyauth-Loader\Keyauth-Loader\Keyauth-Loader.cpp(74,12): warning C4129: "I": nicht erkannte Folge von Escapesequenz
C:\Users\mario\Desktop\Keyauth-Loader\Keyauth-Loader\Keyauth-Loader.cpp(74,12): warning C4129: "y": nicht erkannte Folge von Escapesequenz
C:\Users\mario\Desktop\Keyauth-Loader\Keyauth-Loader\Keyauth-Loader.cpp(93,12): warning C4129: "W": nicht erkannte Folge von Escapesequenz
C:\Users\mario\Desktop\Keyauth-Loader\Keyauth-Loader\Keyauth-Loader.cpp(93,12): warning C4129: "I": nicht erkannte Folge von Escapesequenz
C:\Users\mario\Desktop\Keyauth-Loader\Keyauth-Loader\Keyauth-Loader.cpp(93,12): warning C4129: "y": nicht erkannte Folge von Escapesequenz
C:\Users\mario\Desktop\Keyauth-Loader\Keyauth-Loader\Keyauth-Loader.cpp(95,12): warning C4129: "W": nicht erkannte Folge von Escapesequenz
C:\Users\mario\Desktop\Keyauth-Loader\Keyauth-Loader\Keyauth-Loader.cpp(95,12): warning C4129: "I": nicht erkannte Folge von Escapesequenz
C:\Users\mario\Desktop\Keyauth-Loader\Keyauth-Loader\Keyauth-Loader.cpp(95,12): warning C4129: "y": nicht erkannte Folge von Escapesequenz
  Code wird generiert.
  1 of 84 functions ( 1.2%) were compiled, the rest were copied from previous compilation.
    0 functions were new in current compilation
    0 functions had inline decision re-evaluated but remain unchanged
  Codegenerierung ist abgeschlossen.
  Keyauth-Loader.vcxproj -> C:\Users\mario\Desktop\Keyauth-Loader\x64\Release\Keyauth-Loader.exe
